<?xml version="1.0" encoding="UTF-8"?>
<!-- Generated by org.testng.reporters.JUnitXMLReporter -->
<testsuite hostname="Mansi-PC" ignored="0" name="Test" tests="1" failures="1" timestamp="2020-03-04T19:53:57 IST" time="0.084" errors="0">
  <testcase name="MyTest" time="0.014" classname="autodemo.resources.MyFirstTest">
    <failure type="java.lang.NullPointerException">
      <![CDATA[java.lang.NullPointerException
at autodemo.resources.MyFirstTest.MyTest(MyFirstTest.java:9)
at java.util.ArrayList.forEach(Unknown Source)
... Removed 27 stack frames]]>
    </failure>
  </testcase> <!-- MyTest -->
</testsuite> <!-- Test -->
