<?xml version="1.0" encoding="UTF-8"?>
<!-- Generated by org.testng.reporters.JUnitXMLReporter -->
<testsuite hostname="Mansi-PC" ignored="0" name="Test" tests="1" failures="1" timestamp="2020-03-08T16:34:39 IST" time="11.167" errors="0">
  <testcase name="loginTest" time="5.129" classname="autodemo.testcases.HomeLoginTest">
    <failure type="java.lang.AssertionError" message="expected [true] but found [false]">
      <![CDATA[java.lang.AssertionError: expected [true] but found [false]
at autodemo.testcases.HomeLoginTest.loginTest(HomeLoginTest.java:24)
at java.util.ArrayList.forEach(Unknown Source)
... Removed 35 stack frames]]>
    </failure>
  </testcase> <!-- loginTest -->
</testsuite> <!-- Test -->
