<?xml version="1.0" encoding="UTF-8"?>
<!-- Generated by org.testng.reporters.JUnitXMLReporter -->
<testsuite hostname="Mansi-PC" ignored="2" name="Test" tests="4" failures="3" timestamp="2020-03-10T12:20:59 IST" time="50.934" errors="0">
  <testcase name="loginTest" time="8.11" classname="autodemo.testcases.HomeLoginTest"/>
  <testcase name="clickOnRegistrationLinkTest" time="8.109" classname="autodemo.testcases.RegistrationLinkTest">
    <failure type="java.lang.AssertionError" message="expected [true] but found [false]">
      <![CDATA[java.lang.AssertionError: expected [true] but found [false]
at autodemo.testcases.RegistrationLinkTest.clickOnRegistrationLinkTest(RegistrationLinkTest.java:28)
at java.util.ArrayList.forEach(ArrayList.java:1257)
... Removed 35 stack frames]]>
    </failure>
  </testcase> <!-- clickOnRegistrationLinkTest -->
  <testcase name="registerUser" time="6.622" classname="autodemo.testcases.UserRegistrationTest">
    <failure type="java.lang.AssertionError" message="expected [true] but found [false]">
      <![CDATA[java.lang.AssertionError: expected [true] but found [false]
at autodemo.testcases.UserRegistrationTest.registerUser(UserRegistrationTest.java:48)
at java.util.ArrayList.forEach(ArrayList.java:1257)
... Removed 35 stack frames]]>
    </failure>
  </testcase> <!-- registerUser -->
  <testcase name="registerUser" time="5.42" classname="autodemo.testcases.UserRegistrationTest">
    <failure type="java.lang.AssertionError" message="expected [true] but found [false]">
      <![CDATA[java.lang.AssertionError: expected [true] but found [false]
at autodemo.testcases.UserRegistrationTest.registerUser(UserRegistrationTest.java:48)
at java.util.ArrayList.forEach(ArrayList.java:1257)
... Removed 35 stack frames]]>
    </failure>
  </testcase> <!-- registerUser -->
  <testcase name="@AfterSuite killDrivers" time="0.0" classname="autodemo.resources.Base">
    <ignored/>
  </testcase> <!-- @AfterSuite killDrivers -->
  <testcase name="@AfterSuite killDrivers" time="0.0" classname="autodemo.resources.Base">
    <ignored/>
  </testcase> <!-- @AfterSuite killDrivers -->
</testsuite> <!-- Test -->
