<!DOCTYPE html PUBLIC "-//W3C//DTD XHTML 1.1//EN" "http://www.w3.org/TR/xhtml11/DTD/xhtml11.dtd">
<html xmlns="http://www.w3.org/1999/xhtml">
<head>
<meta http-equiv="content-type" content="text/html; charset=UTF-8"/>
<title>TestNG Report</title>
<style type="text/css">table {margin-bottom:10px;border-collapse:collapse;empty-cells:show}th,td {border:1px solid #009;padding:.25em .5em}th {vertical-align:bottom}td {vertical-align:top}table a {font-weight:bold}.stripe td {background-color: #E6EBF9}.num {text-align:right}.passedodd td {background-color: #3F3}.passedeven td {background-color: #0A0}.skippedodd td {background-color: #DDD}.skippedeven td {background-color: #CCC}.failedodd td,.attn {background-color: #F33}.failedeven td,.stripe .attn {background-color: #D00}.stacktrace {white-space:pre;font-family:monospace}.totop {font-size:85%;text-align:center;border-bottom:2px solid #000}.invisible {display:none}</style>
</head>
<body>
<table>
<tr><th>Test</th><th># Passed</th><th># Skipped</th><th># Retried</th><th># Failed</th><th>Time (ms)</th><th>Included Groups</th><th>Excluded Groups</th></tr>
<tr><th colspan="8">Suite</th></tr>
<tr><td><a href="#t0">Test</a></td><td class="num">1</td><td class="num">0</td><td class="num">0</td><td class="num attn">3</td><td class="num">66,480</td><td></td><td></td></tr>
</table>
<table id='summary'><thead><tr><th>Class</th><th>Method</th><th>Start</th><th>Time (ms)</th></tr></thead><tbody><tr><th colspan="4">Suite</th></tr></tbody><tbody id="t0"><tr><th colspan="4">Test &#8212; failed</th></tr><tr class="failedeven"><td rowspan="1">autodemo.testcases.RegistrationLinkTest</td><td><a href="#m0">clickOnRegistrationLinkTest</a></td><td rowspan="1">1583822836162</td><td rowspan="1">9056</td></tr><tr class="failedodd"><td rowspan="2">autodemo.testcases.UserRegistrationTest</td><td><a href="#m1">registerUser</a></td><td rowspan="2">1583822874234</td><td rowspan="2">5308</td></tr><tr class="failedodd"><td><a href="#m2">registerUser</a></td></tr><tr><th colspan="4">Test &#8212; passed</th></tr><tr class="passedeven"><td rowspan="1">autodemo.testcases.HomeLoginTest</td><td><a href="#m3">loginTest</a></td><td rowspan="1">1583822821343</td><td rowspan="1">5747</td></tr></tbody>
</table>
<h2>Test</h2><h3 id="m0">autodemo.testcases.RegistrationLinkTest#clickOnRegistrationLinkTest</h3><table class="result"><tr><th>Exception</th></tr><tr><td><div class="stacktrace">java.lang.AssertionError: expected [true] but found [false]
	at autodemo.testcases.RegistrationLinkTest.clickOnRegistrationLinkTest(RegistrationLinkTest.java:28)
	at java.util.ArrayList.forEach(ArrayList.java:1257)
... Removed 35 stack frames</div></td></tr></table><p class="totop"><a href="#summary">back to summary</a></p>
<h3 id="m1">autodemo.testcases.UserRegistrationTest#registerUser</h3><table class="result"><tr class="param"><th>Parameter #1</th><th>Parameter #2</th><th>Parameter #3</th><th>Parameter #4</th><th>Parameter #5</th><th>Parameter #6</th><th>Parameter #7</th><th>Parameter #8</th><th>Parameter #9</th><th>Parameter #10</th><th>Parameter #11</th><th>Parameter #12</th><th>Parameter #13</th><th>Parameter #14</th></tr><tr class="param stripe"><td>http://newtours.demoaut.com/mercuryregister.php</td><td>Regression</td><td>Testcase</td><td>9876543211</td><td>test@regressiontestcase.com</td><td>QA R&amp;D Lab</td><td>Andheri</td><td>Mumbai</td><td>Maharashtra</td><td>420001</td><td>India</td><td>regression101</td><td>testcase0102</td><td>testcase0102</td></tr><tr><th colspan="14">Exception</th></tr><tr><td colspan="14"><div class="stacktrace">java.lang.AssertionError: expected [true] but found [false]
	at autodemo.testcases.UserRegistrationTest.registerUser(UserRegistrationTest.java:48)
	at java.util.ArrayList.forEach(ArrayList.java:1257)
... Removed 35 stack frames</div></td></tr></table><p class="totop"><a href="#summary">back to summary</a></p>
<h3 id="m2">autodemo.testcases.UserRegistrationTest#registerUser</h3><table class="result"><tr class="param"><th>Parameter #1</th><th>Parameter #2</th><th>Parameter #3</th><th>Parameter #4</th><th>Parameter #5</th><th>Parameter #6</th><th>Parameter #7</th><th>Parameter #8</th><th>Parameter #9</th><th>Parameter #10</th><th>Parameter #11</th><th>Parameter #12</th><th>Parameter #13</th><th>Parameter #14</th></tr><tr class="param stripe"><td>http://newtours.demoaut.com/mercuryregister.php</td><td>Sanity</td><td>Testcase</td><td>9876543210</td><td>test@sanitytestcase.com</td><td>Test R&amp;D Lab</td><td>Outer ring road</td><td>Bangalore</td><td>Karnataka</td><td>560103</td><td>India</td><td>sanity101</td><td>testcase0101</td><td>testcase0101</td></tr><tr><th colspan="14">Exception</th></tr><tr><td colspan="14"><div class="stacktrace">java.lang.AssertionError: expected [true] but found [false]
	at autodemo.testcases.UserRegistrationTest.registerUser(UserRegistrationTest.java:48)
	at java.util.ArrayList.forEach(ArrayList.java:1257)
... Removed 35 stack frames</div></td></tr></table><p class="totop"><a href="#summary">back to summary</a></p>
<h3 id="m3">autodemo.testcases.HomeLoginTest#loginTest</h3><table class="result"><tr><th class="invisible"/></tr></table><p class="totop"><a href="#summary">back to summary</a></p>
</body>
</html>
