<?xml version="1.0" encoding="UTF-8"?>
<testsuite xmlns:xsi="http://www.w3.org/2001/XMLSchema-instance" xsi:noNamespaceSchemaLocation="https://maven.apache.org/surefire/maven-surefire-plugin/xsd/surefire-test-report-3.0.xsd" version="3.0" name="TestSuite" time="121.585" tests="2" errors="0" skipped="0" failures="2">
  <properties>
[...]
</properties>
  <testcase name="registerUser" classname="autodemo.testcases.UserRegistrationTest" time="30.572">
    <failure message="expected [true] but found [false]" type="java.lang.AssertionError"><![CDATA[java.lang.AssertionError: expected [true] but found [false]
	at autodemo.testcases.UserRegistrationTest.registerUser(UserRegistrationTest.java:51)
]]></failure>
    <system-out><![CDATA[2020030817.31.57XLS
2020030817.32.04Begin
2020030817.32.05Driver initialized
]]></system-out>
    <system-err><![CDATA[Starting ChromeDriver 80.0.3987.106 (f68069574609230cf9b635cd784cfb1bf81bb53a-refs/branch-heads/3987@{#882}) on port 7731
Only local connections are allowed.
Please protect ports used by ChromeDriver and related test frameworks to prevent access by malicious code.
Mar 08, 2020 5:32:03 PM org.openqa.selenium.remote.ProtocolHandshake createSession
INFO: Detected dialect: W3C
[1583668925.094][SEVERE]: Timed out receiving message from renderer: 0.100
[1583668925.198][SEVERE]: Timed out receiving message from renderer: 0.100
[1583668925.342][SEVERE]: Timed out receiving message from renderer: 0.100
[1583668925.444][SEVERE]: Timed out receiving message from renderer: 0.100
[1583668925.647][SEVERE]: Timed out receiving message from renderer: 0.100
[1583668925.755][SEVERE]: Timed out receiving message from renderer: 0.100
[1583668954.554][SEVERE]: Timed out receiving message from renderer: 0.100
[1583668954.657][SEVERE]: Timed out receiving message from renderer: 0.100
]]></system-err>
  </testcase>
  <testcase name="registerUser" classname="autodemo.testcases.UserRegistrationTest" time="74.032">
    <failure message="expected [true] but found [false]" type="java.lang.AssertionError"><![CDATA[java.lang.AssertionError: expected [true] but found [false]
	at autodemo.testcases.UserRegistrationTest.registerUser(UserRegistrationTest.java:51)
]]></failure>
    <system-out><![CDATA[2020030817.32.39Begin
2020030817.32.41Driver initialized
]]></system-out>
    <system-err><![CDATA[Starting ChromeDriver 80.0.3987.106 (f68069574609230cf9b635cd784cfb1bf81bb53a-refs/branch-heads/3987@{#882}) on port 48119
Only local connections are allowed.
Please protect ports used by ChromeDriver and related test frameworks to prevent access by malicious code.
Mar 08, 2020 5:32:38 PM org.openqa.selenium.remote.ProtocolHandshake createSession
INFO: Detected dialect: W3C
[1583668960.448][SEVERE]: Timed out receiving message from renderer: 0.100
[1583668960.584][SEVERE]: Timed out receiving message from renderer: 0.100
[1583668960.686][SEVERE]: Timed out receiving message from renderer: 0.100
[1583668960.826][SEVERE]: Timed out receiving message from renderer: 0.100
[1583668960.929][SEVERE]: Timed out receiving message from renderer: 0.100
[1583668961.036][SEVERE]: Timed out receiving message from renderer: 0.100
[1583668961.139][SEVERE]: Timed out receiving message from renderer: 0.100
[1583668961.326][SEVERE]: Timed out receiving message from renderer: 0.100
[1583668961.429][SEVERE]: Timed out receiving message from renderer: 0.100
[1583668961.533][SEVERE]: Timed out receiving message from renderer: 0.100
[1583669031.424][SEVERE]: Timed out receiving message from renderer: 0.100
[1583669031.526][SEVERE]: Timed out receiving message from renderer: 0.100
[1583669031.629][SEVERE]: Timed out receiving message from renderer: 0.100
[1583669031.733][SEVERE]: Timed out receiving message from renderer: 0.100
[1583669031.838][SEVERE]: Timed out receiving message from renderer: 0.100
[1583669031.954][SEVERE]: Timed out receiving message from renderer: 0.100
[1583669032.056][SEVERE]: Timed out receiving message from renderer: 0.100
[1583669032.158][SEVERE]: Timed out receiving message from renderer: 0.100
[1583669032.266][SEVERE]: Timed out receiving message from renderer: 0.100
[1583669032.373][SEVERE]: Timed out receiving message from renderer: 0.100
[1583669032.475][SEVERE]: Timed out receiving message from renderer: 0.100
[1583669032.609][SEVERE]: Timed out receiving message from renderer: 0.100
[1583669032.713][SEVERE]: Timed out receiving message from renderer: 0.100
[1583669032.815][SEVERE]: Timed out receiving message from renderer: 0.100
[1583669032.918][SEVERE]: Timed out receiving message from renderer: 0.100
[1583669033.470][SEVERE]: Timed out receiving message from renderer: 0.100
]]></system-err>
  </testcase>
</testsuite>