-------------------------------------------------------------------------------
Test set: TestSuite
-------------------------------------------------------------------------------
Tests run: 1, Failures: 1, Errors: 0, Skipped: 0, Time elapsed: 17.682 s <<< FAILURE! - in TestSuite
autodemo.testcases.UserRegistrationTest.registerUser  Time elapsed: 5.403 s  <<< FAILURE!
java.lang.AssertionError: expected [true] but found [false]
	at autodemo.testcases.UserRegistrationTest.registerUser(UserRegistrationTest.java:48)

