<?xml version="1.0" encoding="UTF-8"?>
<testsuite xmlns:xsi="http://www.w3.org/2001/XMLSchema-instance" xsi:noNamespaceSchemaLocation="https://maven.apache.org/surefire/maven-surefire-plugin/xsd/surefire-test-report-3.0.xsd" version="3.0" name="TestSuite" time="33.879" tests="3" errors="0" skipped="0" failures="2">
  <properties>
[...]
</properties>
  <testcase name="loginTest" classname="autodemo.testcases.HomeLoginTest" time="3.986">
    <failure message="no such element: Unable to locate element: {&quot;method&quot;:&quot;css selector&quot;,&quot;selector&quot;:&quot;*[name=&apos;login&apos;]&quot;}&#10;  (Session info: chrome=80.0.3987.132)&#10;For documentation on this error, please visit: https://www.seleniumhq.org/exceptions/no_such_element.html&#10;Build info: version: &apos;3.141.59&apos;, revision: &apos;e82be7d358&apos;, time: &apos;2018-11-14T08:17:03&apos;&#10;System info: host: &apos;MANSI-PC&apos;, ip: &apos;172.20.10.2&apos;, os.name: &apos;Windows 7&apos;, os.arch: &apos;amd64&apos;, os.version: &apos;6.1&apos;, java.version: &apos;1.8.0_221&apos;&#10;Driver info: org.openqa.selenium.chrome.ChromeDriver&#10;Capabilities {acceptInsecureCerts: false, browserName: chrome, browserVersion: 80.0.3987.132, chrome: {chromedriverVersion: 80.0.3987.106 (f68069574609..., userDataDir: C:\Users\Mansi\AppData\Loca...}, goog:chromeOptions: {debuggerAddress: localhost:56009}, javascriptEnabled: true, networkConnectionEnabled: false, pageLoadStrategy: normal, platform: WINDOWS, platformName: WINDOWS, proxy: Proxy(), setWindowRect: true, strictFileInteractability: false, timeouts: {implicit: 0, pageLoad: 300000, script: 30000}, unhandledPromptBehavior: dismiss and notify}&#10;Session ID: b93c62e4c765bbbd16460566ed39a56d&#10;*** Element info: {Using=name, value=login}" type="org.openqa.selenium.NoSuchElementException"><![CDATA[org.openqa.selenium.NoSuchElementException: 
no such element: Unable to locate element: {"method":"css selector","selector":"*[name='login']"}
  (Session info: chrome=80.0.3987.132)
For documentation on this error, please visit: https://www.seleniumhq.org/exceptions/no_such_element.html
Build info: version: '3.141.59', revision: 'e82be7d358', time: '2018-11-14T08:17:03'
System info: host: 'MANSI-PC', ip: '172.20.10.2', os.name: 'Windows 7', os.arch: 'amd64', os.version: '6.1', java.version: '1.8.0_221'
Driver info: org.openqa.selenium.chrome.ChromeDriver
Capabilities {acceptInsecureCerts: false, browserName: chrome, browserVersion: 80.0.3987.132, chrome: {chromedriverVersion: 80.0.3987.106 (f68069574609..., userDataDir: C:\Users\Mansi\AppData\Loca...}, goog:chromeOptions: {debuggerAddress: localhost:56009}, javascriptEnabled: true, networkConnectionEnabled: false, pageLoadStrategy: normal, platform: WINDOWS, platformName: WINDOWS, proxy: Proxy(), setWindowRect: true, strictFileInteractability: false, timeouts: {implicit: 0, pageLoad: 300000, script: 30000}, unhandledPromptBehavior: dismiss and notify}
Session ID: b93c62e4c765bbbd16460566ed39a56d
*** Element info: {Using=name, value=login}
	at autodemo.testcases.HomeLoginTest.loginTest(HomeLoginTest.java:19)
]]></failure>
    <system-err><![CDATA[Starting ChromeDriver 80.0.3987.106 (f68069574609230cf9b635cd784cfb1bf81bb53a-refs/branch-heads/3987@{#882}) on port 5250
Only local connections are allowed.
Please protect ports used by ChromeDriver and related test frameworks to prevent access by malicious code.
Mar 08, 2020 3:21:33 PM org.openqa.selenium.remote.ProtocolHandshake createSession
INFO: Detected dialect: W3C
[1583661095.936][SEVERE]: Timed out receiving message from renderer: 0.100
[1583661096.043][SEVERE]: Timed out receiving message from renderer: 0.100
[1583661096.202][SEVERE]: Timed out receiving message from renderer: 0.100
[1583661096.305][SEVERE]: Timed out receiving message from renderer: 0.100
[1583661096.509][SEVERE]: Timed out receiving message from renderer: 0.100
[1583661096.628][SEVERE]: Timed out receiving message from renderer: 0.100
[1583661096.731][SEVERE]: Timed out receiving message from renderer: 0.100
[1583661096.836][SEVERE]: Timed out receiving message from renderer: 0.100
[1583661096.944][SEVERE]: Timed out receiving message from renderer: 0.100
[1583661097.046][SEVERE]: Timed out receiving message from renderer: 0.100
[1583661097.161][SEVERE]: Timed out receiving message from renderer: 0.100
[1583661097.264][SEVERE]: Timed out receiving message from renderer: 0.100
[1583661097.369][SEVERE]: Timed out receiving message from renderer: 0.100
[1583661097.471][SEVERE]: Timed out receiving message from renderer: 0.100
[1583661097.575][SEVERE]: Timed out receiving message from renderer: 0.100
[1583661097.679][SEVERE]: Timed out receiving message from renderer: 0.100
[1583661097.782][SEVERE]: Timed out receiving message from renderer: 0.100
[1583661097.885][SEVERE]: Timed out receiving message from renderer: 0.100
[1583661097.987][SEVERE]: Timed out receiving message from renderer: 0.100
[1583661098.091][SEVERE]: Timed out receiving message from renderer: 0.100
]]></system-err>
  </testcase>
  <testcase name="clickOnRegistrationLinkTest" classname="autodemo.testcases.RegistrationLinkTest" time="1.906">
    <failure message="no such element: Unable to locate element: {&quot;method&quot;:&quot;css selector&quot;,&quot;selector&quot;:&quot;*[name=&apos;login&apos;]&quot;}&#10;  (Session info: chrome=80.0.3987.132)&#10;For documentation on this error, please visit: https://www.seleniumhq.org/exceptions/no_such_element.html&#10;Build info: version: &apos;3.141.59&apos;, revision: &apos;e82be7d358&apos;, time: &apos;2018-11-14T08:17:03&apos;&#10;System info: host: &apos;MANSI-PC&apos;, ip: &apos;172.20.10.2&apos;, os.name: &apos;Windows 7&apos;, os.arch: &apos;amd64&apos;, os.version: &apos;6.1&apos;, java.version: &apos;1.8.0_221&apos;&#10;Driver info: org.openqa.selenium.chrome.ChromeDriver&#10;Capabilities {acceptInsecureCerts: false, browserName: chrome, browserVersion: 80.0.3987.132, chrome: {chromedriverVersion: 80.0.3987.106 (f68069574609..., userDataDir: C:\Users\Mansi\AppData\Loca...}, goog:chromeOptions: {debuggerAddress: localhost:56031}, javascriptEnabled: true, networkConnectionEnabled: false, pageLoadStrategy: normal, platform: WINDOWS, platformName: WINDOWS, proxy: Proxy(), setWindowRect: true, strictFileInteractability: false, timeouts: {implicit: 0, pageLoad: 300000, script: 30000}, unhandledPromptBehavior: dismiss and notify}&#10;Session ID: 2b9bba9c90eb39b1446c63c1f97f10b6&#10;*** Element info: {Using=name, value=login}" type="org.openqa.selenium.NoSuchElementException"><![CDATA[org.openqa.selenium.NoSuchElementException: 
no such element: Unable to locate element: {"method":"css selector","selector":"*[name='login']"}
  (Session info: chrome=80.0.3987.132)
For documentation on this error, please visit: https://www.seleniumhq.org/exceptions/no_such_element.html
Build info: version: '3.141.59', revision: 'e82be7d358', time: '2018-11-14T08:17:03'
System info: host: 'MANSI-PC', ip: '172.20.10.2', os.name: 'Windows 7', os.arch: 'amd64', os.version: '6.1', java.version: '1.8.0_221'
Driver info: org.openqa.selenium.chrome.ChromeDriver
Capabilities {acceptInsecureCerts: false, browserName: chrome, browserVersion: 80.0.3987.132, chrome: {chromedriverVersion: 80.0.3987.106 (f68069574609..., userDataDir: C:\Users\Mansi\AppData\Loca...}, goog:chromeOptions: {debuggerAddress: localhost:56031}, javascriptEnabled: true, networkConnectionEnabled: false, pageLoadStrategy: normal, platform: WINDOWS, platformName: WINDOWS, proxy: Proxy(), setWindowRect: true, strictFileInteractability: false, timeouts: {implicit: 0, pageLoad: 300000, script: 30000}, unhandledPromptBehavior: dismiss and notify}
Session ID: 2b9bba9c90eb39b1446c63c1f97f10b6
*** Element info: {Using=name, value=login}
	at autodemo.testcases.RegistrationLinkTest.clickOnRegistrationLinkTest(RegistrationLinkTest.java:20)
]]></failure>
    <system-err><![CDATA[Starting ChromeDriver 80.0.3987.106 (f68069574609230cf9b635cd784cfb1bf81bb53a-refs/branch-heads/3987@{#882}) on port 43390
Only local connections are allowed.
Please protect ports used by ChromeDriver and related test frameworks to prevent access by malicious code.
Mar 08, 2020 3:21:43 PM org.openqa.selenium.remote.ProtocolHandshake createSession
INFO: Detected dialect: W3C
[1583661105.190][SEVERE]: Timed out receiving message from renderer: 0.100
[1583661105.405][SEVERE]: Timed out receiving message from renderer: 0.100
[1583661105.507][SEVERE]: Timed out receiving message from renderer: 0.100
[1583661105.745][SEVERE]: Timed out receiving message from renderer: 0.100
[1583661105.851][SEVERE]: Timed out receiving message from renderer: 0.100
]]></system-err>
  </testcase>
  <testcase name="registerUser" classname="autodemo.testcases.UserRegistrationTest" time="8.788"/>
</testsuite>