<?xml version="1.0" encoding="UTF-8"?>
<testng-results skipped="0" failed="0" ignored="1" total="3" passed="2">
  <reporter-output>
  </reporter-output>
  <suite name="Suite" duration-ms="33300" started-at="2020-03-08T12:55:46 IST" finished-at="2020-03-08T12:56:19 IST">
    <groups>
    </groups>
    <test name="Test" duration-ms="33300" started-at="2020-03-08T12:55:46 IST" finished-at="2020-03-08T12:56:19 IST">
      <class name="autodemo.testcases.HomeLoginTest">
        <test-method status="PASS" signature="setup()[pri:0, instance:autodemo.testcases.HomeLoginTest@71318ec4]" name="setup" is-config="true" duration-ms="4139" started-at="2020-03-08T12:56:01 IST" finished-at="2020-03-08T12:56:05 IST">
          <reporter-output>
          </reporter-output>
        </test-method> <!-- setup -->
        <test-method status="PASS" signature="loginTest()[pri:0, instance:autodemo.testcases.HomeLoginTest@71318ec4]" name="loginTest" duration-ms="13474" started-at="2020-03-08T12:56:05 IST" finished-at="2020-03-08T12:56:18 IST">
          <reporter-output>
          </reporter-output>
        </test-method> <!-- loginTest -->
        <test-method status="PASS" signature="teardown()[pri:0, instance:autodemo.testcases.HomeLoginTest@71318ec4]" name="teardown" is-config="true" duration-ms="655" started-at="2020-03-08T12:56:18 IST" finished-at="2020-03-08T12:56:19 IST">
          <reporter-output>
          </reporter-output>
        </test-method> <!-- teardown -->
      </class> <!-- autodemo.testcases.HomeLoginTest -->
      <class name="autodemo.testcases.RegistrationLinkTest">
        <test-method status="PASS" signature="setup()[pri:0, instance:autodemo.testcases.RegistrationLinkTest@31610302]" name="setup" is-config="true" duration-ms="4822" started-at="2020-03-08T12:55:46 IST" finished-at="2020-03-08T12:55:50 IST">
          <reporter-output>
          </reporter-output>
        </test-method> <!-- setup -->
        <test-method status="PASS" signature="clickOnRegistrationLinkTest()[pri:0, instance:autodemo.testcases.RegistrationLinkTest@31610302]" name="clickOnRegistrationLinkTest" duration-ms="9493" started-at="2020-03-08T12:55:50 IST" finished-at="2020-03-08T12:56:00 IST">
          <reporter-output>
          </reporter-output>
        </test-method> <!-- clickOnRegistrationLinkTest -->
        <test-method status="PASS" signature="teardown()[pri:0, instance:autodemo.testcases.RegistrationLinkTest@31610302]" name="teardown" is-config="true" duration-ms="666" started-at="2020-03-08T12:56:00 IST" finished-at="2020-03-08T12:56:01 IST">
          <reporter-output>
          </reporter-output>
        </test-method> <!-- teardown -->
        <test-method status="PASS" signature="killDrivers()[pri:0, instance:autodemo.testcases.RegistrationLinkTest@31610302]" name="killDrivers" is-config="true" duration-ms="2" started-at="2020-03-08T12:56:19 IST" finished-at="2020-03-08T12:56:19 IST">
          <reporter-output>
          </reporter-output>
        </test-method> <!-- killDrivers -->
      </class> <!-- autodemo.testcases.RegistrationLinkTest -->
    </test> <!-- Test -->
  </suite> <!-- Suite -->
</testng-results>
