<?xml version="1.0" encoding="UTF-8"?>
<testng-results skipped="0" failed="0" ignored="0" total="1" passed="1">
  <reporter-output>
  </reporter-output>
  <suite name="Suite" duration-ms="25238" started-at="2020-03-08T15:14:35 IST" finished-at="2020-03-08T15:15:00 IST">
    <groups>
    </groups>
    <test name="Test" duration-ms="25238" started-at="2020-03-08T15:14:35 IST" finished-at="2020-03-08T15:15:00 IST">
      <class name="autodemo.testcases.UserRegistrationTest">
        <test-method status="PASS" signature="setup()[pri:0, instance:autodemo.testcases.UserRegistrationTest@5ec0a365]" name="setup" is-config="true" duration-ms="14235" started-at="2020-03-08T15:14:37 IST" finished-at="2020-03-08T15:14:51 IST">
          <reporter-output>
          </reporter-output>
        </test-method> <!-- setup -->
        <test-method status="PASS" signature="registerUser(java.lang.String, java.lang.String, java.lang.String, java.lang.String, java.lang.String, java.lang.String, java.lang.String, java.lang.String, java.lang.String, java.lang.String, java.lang.String, java.lang.String, java.lang.String, java.lang.String)[pri:0, instance:autodemo.testcases.UserRegistrationTest@5ec0a365]" name="registerUser" duration-ms="8228" started-at="2020-03-08T15:14:51 IST" data-provider="RegistrationData" finished-at="2020-03-08T15:14:59 IST">
          <params>
            <param index="0">
              <value>
                <![CDATA[http://newtours.demoaut.com/mercuryregister.php]]>
              </value>
            </param>
            <param index="1">
              <value>
                <![CDATA[Sanity]]>
              </value>
            </param>
            <param index="2">
              <value>
                <![CDATA[Testcase]]>
              </value>
            </param>
            <param index="3">
              <value>
                <![CDATA[9876543210]]>
              </value>
            </param>
            <param index="4">
              <value>
                <![CDATA[test@sanitytestcase.com]]>
              </value>
            </param>
            <param index="5">
              <value>
                <![CDATA[Test R&D Lab]]>
              </value>
            </param>
            <param index="6">
              <value>
                <![CDATA[Outer ring road]]>
              </value>
            </param>
            <param index="7">
              <value>
                <![CDATA[Bangalore]]>
              </value>
            </param>
            <param index="8">
              <value>
                <![CDATA[Karnataka]]>
              </value>
            </param>
            <param index="9">
              <value>
                <![CDATA[5600103]]>
              </value>
            </param>
            <param index="10">
              <value>
                <![CDATA[India]]>
              </value>
            </param>
            <param index="11">
              <value>
                <![CDATA[sanity101]]>
              </value>
            </param>
            <param index="12">
              <value>
                <![CDATA[testcase0101]]>
              </value>
            </param>
            <param index="13">
              <value>
                <![CDATA[testcase0101]]>
              </value>
            </param>
          </params>
          <reporter-output>
          </reporter-output>
        </test-method> <!-- registerUser -->
        <test-method status="PASS" signature="teardown()[pri:0, instance:autodemo.testcases.UserRegistrationTest@5ec0a365]" name="teardown" is-config="true" duration-ms="1171" started-at="2020-03-08T15:14:59 IST" finished-at="2020-03-08T15:15:00 IST">
          <reporter-output>
          </reporter-output>
        </test-method> <!-- teardown -->
        <test-method status="PASS" signature="killDrivers()[pri:0, instance:autodemo.testcases.UserRegistrationTest@5ec0a365]" name="killDrivers" is-config="true" duration-ms="2" started-at="2020-03-08T15:15:01 IST" finished-at="2020-03-08T15:15:01 IST">
          <reporter-output>
          </reporter-output>
        </test-method> <!-- killDrivers -->
      </class> <!-- autodemo.testcases.UserRegistrationTest -->
    </test> <!-- Test -->
  </suite> <!-- Suite -->
</testng-results>
